2022-10-09 21:38:28,451 p=93403 u=rob n=ansible | [WARNING]: While constructing a mapping from /Users/rob/git/_vyos/vyos-eveng/roles/eve-ng-lab-test/defaults/main.yml, line 4, column 1, found a
duplicate dict key (upgrade_iso). Using last defined value only.

2022-10-09 21:38:28,452 p=93403 u=rob n=ansible | [WARNING]: While constructing a mapping from /Users/rob/git/_vyos/vyos-eveng/roles/eve-ng-lab-test/defaults/main.yml, line 4, column 1, found a
duplicate dict key (upgrade_iso_version). Using last defined value only.

2022-10-09 21:38:28,485 p=93403 u=rob n=ansible | PLAY [prepare node and Lab] **************************************************************************************************************************
2022-10-09 21:38:28,503 p=93403 u=rob n=ansible | TASK [eve-ng-create-node : fail] *********************************************************************************************************************
2022-10-09 21:38:28,517 p=93403 u=rob n=ansible | skipping: [eveng]
2022-10-09 21:38:28,528 p=93403 u=rob n=ansible | skipping: [vyos-oobm]
2022-10-09 21:38:28,529 p=93403 u=rob n=ansible | skipping: [central]
2022-10-09 21:38:28,533 p=93403 u=rob n=ansible | skipping: [branch]
2022-10-09 21:38:28,535 p=93403 u=rob n=ansible | TASK [eve-ng-create-node : fail] *********************************************************************************************************************
2022-10-09 21:38:28,550 p=93403 u=rob n=ansible | skipping: [eveng]
2022-10-09 21:38:28,557 p=93403 u=rob n=ansible | skipping: [vyos-oobm]
2022-10-09 21:38:28,558 p=93403 u=rob n=ansible | skipping: [central]
2022-10-09 21:38:28,562 p=93403 u=rob n=ansible | skipping: [branch]
2022-10-09 21:38:28,565 p=93403 u=rob n=ansible | TASK [eve-ng-create-node : install requirements] *****************************************************************************************************
2022-10-09 21:38:28,586 p=93403 u=rob n=ansible | skipping: [vyos-oobm]
2022-10-09 21:38:28,588 p=93403 u=rob n=ansible | skipping: [central]
2022-10-09 21:38:28,593 p=93403 u=rob n=ansible | skipping: [branch]
2022-10-09 21:38:30,257 p=93403 u=rob n=ansible | ok: [eveng]
2022-10-09 21:38:30,261 p=93403 u=rob n=ansible | TASK [eve-ng-create-node : Login to EVE-NG and get Cookie] *******************************************************************************************
2022-10-09 21:38:30,282 p=93403 u=rob n=ansible | skipping: [vyos-oobm]
2022-10-09 21:38:30,284 p=93403 u=rob n=ansible | skipping: [central]
2022-10-09 21:38:30,288 p=93403 u=rob n=ansible | skipping: [branch]
2022-10-09 21:38:31,047 p=93403 u=rob n=ansible | ok: [eveng]
2022-10-09 21:38:31,050 p=93403 u=rob n=ansible | TASK [eve-ng-create-node : get template facts] *******************************************************************************************************
2022-10-09 21:38:31,071 p=93403 u=rob n=ansible | skipping: [vyos-oobm]
2022-10-09 21:38:31,072 p=93403 u=rob n=ansible | skipping: [central]
2022-10-09 21:38:31,076 p=93403 u=rob n=ansible | skipping: [branch]
2022-10-09 21:38:31,589 p=93403 u=rob n=ansible | ok: [eveng]
2022-10-09 21:38:31,593 p=93403 u=rob n=ansible | TASK [eve-ng-create-node : Register path status] *****************************************************************************************************
2022-10-09 21:38:31,621 p=93403 u=rob n=ansible | skipping: [vyos-oobm]
2022-10-09 21:38:31,622 p=93403 u=rob n=ansible | skipping: [central]
2022-10-09 21:38:31,627 p=93403 u=rob n=ansible | skipping: [branch]
2022-10-09 21:38:31,953 p=93403 u=rob n=ansible | ok: [eveng]
2022-10-09 21:38:31,956 p=93403 u=rob n=ansible | TASK [eve-ng-create-node : create path] **************************************************************************************************************
2022-10-09 21:38:31,969 p=93403 u=rob n=ansible | skipping: [eveng]
2022-10-09 21:38:31,976 p=93403 u=rob n=ansible | skipping: [vyos-oobm]
2022-10-09 21:38:31,977 p=93403 u=rob n=ansible | skipping: [central]
2022-10-09 21:38:31,981 p=93403 u=rob n=ansible | skipping: [branch]
2022-10-09 21:38:31,985 p=93403 u=rob n=ansible | TASK [eve-ng-create-node : Download iso] *************************************************************************************************************
2022-10-09 21:38:31,999 p=93403 u=rob n=ansible | skipping: [eveng]
2022-10-09 21:38:32,006 p=93403 u=rob n=ansible | skipping: [vyos-oobm]
2022-10-09 21:38:32,008 p=93403 u=rob n=ansible | skipping: [central]
2022-10-09 21:38:32,011 p=93403 u=rob n=ansible | skipping: [branch]
2022-10-09 21:38:32,014 p=93403 u=rob n=ansible | TASK [eve-ng-create-node : create virtioa.qcow2 file] ************************************************************************************************
2022-10-09 21:38:32,029 p=93403 u=rob n=ansible | skipping: [eveng]
2022-10-09 21:38:32,036 p=93403 u=rob n=ansible | skipping: [vyos-oobm]
2022-10-09 21:38:32,038 p=93403 u=rob n=ansible | skipping: [central]
2022-10-09 21:38:32,041 p=93403 u=rob n=ansible | skipping: [branch]
2022-10-09 21:38:32,043 p=93403 u=rob n=ansible | TASK [eve-ng-create-node : Login to EVE-NG and get Cookie] *******************************************************************************************
2022-10-09 21:38:32,059 p=93403 u=rob n=ansible | skipping: [eveng]
2022-10-09 21:38:32,064 p=93403 u=rob n=ansible | skipping: [vyos-oobm]
2022-10-09 21:38:32,066 p=93403 u=rob n=ansible | skipping: [central]
2022-10-09 21:38:32,069 p=93403 u=rob n=ansible | skipping: [branch]
2022-10-09 21:38:32,071 p=93403 u=rob n=ansible | TASK [eve-ng-create-node : create lab for node install] **********************************************************************************************
2022-10-09 21:38:32,083 p=93403 u=rob n=ansible | skipping: [eveng]
2022-10-09 21:38:32,090 p=93403 u=rob n=ansible | skipping: [vyos-oobm]
2022-10-09 21:38:32,092 p=93403 u=rob n=ansible | skipping: [central]
2022-10-09 21:38:32,094 p=93403 u=rob n=ansible | skipping: [branch]
2022-10-09 21:38:32,097 p=93403 u=rob n=ansible | TASK [eve-ng-create-node : open lab] *****************************************************************************************************************
2022-10-09 21:38:32,111 p=93403 u=rob n=ansible | skipping: [eveng]
2022-10-09 21:38:32,116 p=93403 u=rob n=ansible | skipping: [vyos-oobm]
2022-10-09 21:38:32,117 p=93403 u=rob n=ansible | skipping: [central]
2022-10-09 21:38:32,123 p=93403 u=rob n=ansible | skipping: [branch]
2022-10-09 21:38:32,126 p=93403 u=rob n=ansible | TASK [eve-ng-create-node : set_fact] *****************************************************************************************************************
2022-10-09 21:38:32,141 p=93403 u=rob n=ansible | skipping: [eveng]
2022-10-09 21:38:32,154 p=93403 u=rob n=ansible | skipping: [vyos-oobm]
2022-10-09 21:38:32,172 p=93403 u=rob n=ansible | skipping: [central]
2022-10-09 21:38:32,172 p=93403 u=rob n=ansible | skipping: [branch]
2022-10-09 21:38:32,174 p=93403 u=rob n=ansible | TASK [eve-ng-create-node : add node to lab] **********************************************************************************************************
2022-10-09 21:38:32,204 p=93403 u=rob n=ansible | skipping: [eveng]
2022-10-09 21:38:32,218 p=93403 u=rob n=ansible | skipping: [vyos-oobm]
2022-10-09 21:38:32,219 p=93403 u=rob n=ansible | skipping: [central]
2022-10-09 21:38:32,223 p=93403 u=rob n=ansible | skipping: [branch]
2022-10-09 21:38:32,225 p=93403 u=rob n=ansible | TASK [eve-ng-create-node : start node] ***************************************************************************************************************
2022-10-09 21:38:32,238 p=93403 u=rob n=ansible | skipping: [eveng]
2022-10-09 21:38:32,253 p=93403 u=rob n=ansible | skipping: [vyos-oobm]
2022-10-09 21:38:32,272 p=93403 u=rob n=ansible | skipping: [central]
2022-10-09 21:38:32,273 p=93403 u=rob n=ansible | skipping: [branch]
2022-10-09 21:38:32,274 p=93403 u=rob n=ansible | TASK [eve-ng-create-node : get node infos] ***********************************************************************************************************
2022-10-09 21:38:32,302 p=93403 u=rob n=ansible | skipping: [eveng]
2022-10-09 21:38:32,314 p=93403 u=rob n=ansible | skipping: [vyos-oobm]
2022-10-09 21:38:32,314 p=93403 u=rob n=ansible | skipping: [central]
2022-10-09 21:38:32,319 p=93403 u=rob n=ansible | skipping: [branch]
2022-10-09 21:38:32,335 p=93403 u=rob n=ansible | TASK [eve-ng-create-node : set_fact] *****************************************************************************************************************
2022-10-09 21:38:32,367 p=93403 u=rob n=ansible | skipping: [eveng]
2022-10-09 21:38:32,379 p=93403 u=rob n=ansible | skipping: [vyos-oobm]
2022-10-09 21:38:32,393 p=93403 u=rob n=ansible | skipping: [central]
2022-10-09 21:38:32,393 p=93403 u=rob n=ansible | skipping: [branch]
2022-10-09 21:38:32,396 p=93403 u=rob n=ansible | TASK [eve-ng-create-node : copy file] ****************************************************************************************************************
2022-10-09 21:38:32,409 p=93403 u=rob n=ansible | skipping: [eveng]
2022-10-09 21:38:32,439 p=93403 u=rob n=ansible | skipping: [vyos-oobm]
2022-10-09 21:38:32,456 p=93403 u=rob n=ansible | skipping: [central]
2022-10-09 21:38:32,456 p=93403 u=rob n=ansible | skipping: [branch]
2022-10-09 21:38:32,459 p=93403 u=rob n=ansible | TASK [eve-ng-create-node : run expect script] ********************************************************************************************************
2022-10-09 21:38:32,489 p=93403 u=rob n=ansible | skipping: [eveng]
2022-10-09 21:38:32,498 p=93403 u=rob n=ansible | skipping: [vyos-oobm]
2022-10-09 21:38:32,499 p=93403 u=rob n=ansible | skipping: [central]
2022-10-09 21:38:32,503 p=93403 u=rob n=ansible | skipping: [branch]
2022-10-09 21:38:32,521 p=93403 u=rob n=ansible | TASK [eve-ng-create-node : Login to EVE-NG and get Cookie (due timeout)] *****************************************************************************
2022-10-09 21:38:32,555 p=93403 u=rob n=ansible | skipping: [eveng]
2022-10-09 21:38:32,565 p=93403 u=rob n=ansible | skipping: [vyos-oobm]
2022-10-09 21:38:32,581 p=93403 u=rob n=ansible | skipping: [central]
2022-10-09 21:38:32,581 p=93403 u=rob n=ansible | skipping: [branch]
2022-10-09 21:38:32,583 p=93403 u=rob n=ansible | TASK [eve-ng-create-node : stop node] ****************************************************************************************************************
2022-10-09 21:38:32,596 p=93403 u=rob n=ansible | skipping: [eveng]
2022-10-09 21:38:32,603 p=93403 u=rob n=ansible | skipping: [vyos-oobm]
2022-10-09 21:38:32,605 p=93403 u=rob n=ansible | skipping: [central]
2022-10-09 21:38:32,608 p=93403 u=rob n=ansible | skipping: [branch]
2022-10-09 21:38:32,610 p=93403 u=rob n=ansible | TASK [eve-ng-create-node : Pause to wait node is shutdown] *******************************************************************************************
2022-10-09 21:38:32,620 p=93403 u=rob n=ansible | skipping: [eveng]
2022-10-09 21:38:32,622 p=93403 u=rob n=ansible | TASK [eve-ng-create-node : delete iso] ***************************************************************************************************************
2022-10-09 21:38:32,638 p=93403 u=rob n=ansible | skipping: [eveng]
2022-10-09 21:38:32,644 p=93403 u=rob n=ansible | skipping: [vyos-oobm]
2022-10-09 21:38:32,646 p=93403 u=rob n=ansible | skipping: [central]
2022-10-09 21:38:32,650 p=93403 u=rob n=ansible | skipping: [branch]
2022-10-09 21:38:32,653 p=93403 u=rob n=ansible | TASK [eve-ng-create-node : commit virtioa.qcow2] *****************************************************************************************************
2022-10-09 21:38:32,666 p=93403 u=rob n=ansible | skipping: [eveng]
2022-10-09 21:38:32,673 p=93403 u=rob n=ansible | skipping: [vyos-oobm]
2022-10-09 21:38:32,675 p=93403 u=rob n=ansible | skipping: [central]
2022-10-09 21:38:32,678 p=93403 u=rob n=ansible | skipping: [branch]
2022-10-09 21:38:32,680 p=93403 u=rob n=ansible | TASK [eve-ng-create-node : delete lab for node install] **********************************************************************************************
2022-10-09 21:38:32,693 p=93403 u=rob n=ansible | skipping: [eveng]
2022-10-09 21:38:32,701 p=93403 u=rob n=ansible | skipping: [vyos-oobm]
2022-10-09 21:38:32,702 p=93403 u=rob n=ansible | skipping: [central]
2022-10-09 21:38:32,706 p=93403 u=rob n=ansible | skipping: [branch]
2022-10-09 21:38:32,713 p=93403 u=rob n=ansible | TASK [eve-ng-lab-test : Get env file content] ********************************************************************************************************
2022-10-09 21:38:32,939 p=93403 u=rob n=ansible | ok: [branch -> localhost]
2022-10-09 21:38:32,940 p=93403 u=rob n=ansible | ok: [central -> localhost]
2022-10-09 21:38:32,940 p=93403 u=rob n=ansible | ok: [vyos-oobm -> localhost]
2022-10-09 21:38:32,940 p=93403 u=rob n=ansible | ok: [eveng -> localhost]
2022-10-09 21:38:32,942 p=93403 u=rob n=ansible | TASK [eve-ng-lab-test : Load facts] ******************************************************************************************************************
2022-10-09 21:38:32,961 p=93403 u=rob n=ansible | ok: [eveng]
2022-10-09 21:38:32,962 p=93403 u=rob n=ansible | ok: [vyos-oobm]
2022-10-09 21:38:33,842 p=93648 u=rob n=ansible | network_os is set to vyos
2022-10-09 21:38:33,843 p=93647 u=rob n=ansible | network_os is set to vyos
2022-10-09 21:38:33,852 p=93403 u=rob n=ansible | ok: [central]
2022-10-09 21:38:33,853 p=93403 u=rob n=ansible | ok: [branch]
2022-10-09 21:38:33,864 p=93403 u=rob n=ansible | TASK [eve-ng-lab-test : fail] ************************************************************************************************************************
2022-10-09 21:38:33,882 p=93403 u=rob n=ansible | skipping: [eveng]
2022-10-09 21:38:33,888 p=93403 u=rob n=ansible | skipping: [vyos-oobm]
2022-10-09 21:38:33,891 p=93403 u=rob n=ansible | skipping: [central]
2022-10-09 21:38:33,895 p=93403 u=rob n=ansible | skipping: [branch]
2022-10-09 21:38:33,897 p=93403 u=rob n=ansible | TASK [eve-ng-lab-test : Login to EVE-NG and get Cookie] **********************************************************************************************
2022-10-09 21:38:33,915 p=93403 u=rob n=ansible | skipping: [vyos-oobm]
2022-10-09 21:38:33,917 p=93403 u=rob n=ansible | skipping: [central]
2022-10-09 21:38:33,921 p=93403 u=rob n=ansible | skipping: [branch]
2022-10-09 21:38:34,593 p=93403 u=rob n=ansible | ok: [eveng]
2022-10-09 21:38:34,595 p=93403 u=rob n=ansible | TASK [eve-ng-lab-test : get running lab list] ********************************************************************************************************
2022-10-09 21:38:34,616 p=93403 u=rob n=ansible | skipping: [vyos-oobm]
2022-10-09 21:38:34,618 p=93403 u=rob n=ansible | skipping: [central]
2022-10-09 21:38:34,620 p=93403 u=rob n=ansible | skipping: [branch]
2022-10-09 21:38:35,119 p=93403 u=rob n=ansible | ok: [eveng]
2022-10-09 21:38:35,130 p=93403 u=rob n=ansible | TASK [eve-ng-lab-test : delete existing lab] *********************************************************************************************************
2022-10-09 21:38:35,163 p=93403 u=rob n=ansible | skipping: [vyos-oobm]
2022-10-09 21:38:35,179 p=93403 u=rob n=ansible | skipping: [central]
2022-10-09 21:38:35,179 p=93403 u=rob n=ansible | skipping: [branch]
2022-10-09 21:38:35,676 p=93403 u=rob n=ansible | ok: [eveng]
2022-10-09 21:38:35,680 p=93403 u=rob n=ansible | TASK [eve-ng-lab-test : Ensure labtest is present] ***************************************************************************************************
2022-10-09 21:38:35,702 p=93403 u=rob n=ansible | skipping: [vyos-oobm]
2022-10-09 21:38:35,704 p=93403 u=rob n=ansible | skipping: [central]
2022-10-09 21:38:35,708 p=93403 u=rob n=ansible | skipping: [branch]
2022-10-09 21:38:36,040 p=93403 u=rob n=ansible | ok: [eveng]
2022-10-09 21:38:36,042 p=93403 u=rob n=ansible | TASK [eve-ng-lab-test : Create Wireguard Lab] ********************************************************************************************************
2022-10-09 21:38:36,065 p=93403 u=rob n=ansible | skipping: [vyos-oobm]
2022-10-09 21:38:36,065 p=93403 u=rob n=ansible | skipping: [central]
2022-10-09 21:38:36,069 p=93403 u=rob n=ansible | skipping: [branch]
2022-10-09 21:38:36,753 p=93403 u=rob n=ansible | changed: [eveng]
2022-10-09 21:38:36,755 p=93403 u=rob n=ansible | TASK [eve-ng-lab-test : Login to EVE-NG and get Cookie] **********************************************************************************************
2022-10-09 21:38:36,773 p=93403 u=rob n=ansible | skipping: [vyos-oobm]
2022-10-09 21:38:36,775 p=93403 u=rob n=ansible | skipping: [central]
2022-10-09 21:38:36,779 p=93403 u=rob n=ansible | skipping: [branch]
2022-10-09 21:38:37,457 p=93403 u=rob n=ansible | ok: [eveng]
2022-10-09 21:38:37,460 p=93403 u=rob n=ansible | TASK [eve-ng-lab-test : start vyos-oobm] *************************************************************************************************************
2022-10-09 21:38:37,480 p=93403 u=rob n=ansible | skipping: [vyos-oobm]
2022-10-09 21:38:37,481 p=93403 u=rob n=ansible | skipping: [central]
2022-10-09 21:38:37,484 p=93403 u=rob n=ansible | skipping: [branch]
2022-10-09 21:38:38,600 p=93403 u=rob n=ansible | ok: [eveng]
2022-10-09 21:38:38,604 p=93403 u=rob n=ansible | TASK [eve-ng-lab-test : Wait for vyos-oobm] **********************************************************************************************************
2022-10-09 21:38:38,621 p=93403 u=rob n=ansible | skipping: [eveng]
2022-10-09 21:38:38,629 p=93403 u=rob n=ansible | skipping: [central]
2022-10-09 21:38:38,634 p=93403 u=rob n=ansible | skipping: [branch]
2022-10-09 21:39:42,508 p=93403 u=rob n=ansible | ok: [vyos-oobm]
2022-10-09 21:39:42,514 p=93403 u=rob n=ansible | TASK [eve-ng-lab-test : Login to EVE-NG and get Cookie] **********************************************************************************************
2022-10-09 21:39:42,543 p=93403 u=rob n=ansible | skipping: [vyos-oobm]
2022-10-09 21:39:42,545 p=93403 u=rob n=ansible | skipping: [central]
2022-10-09 21:39:42,550 p=93403 u=rob n=ansible | skipping: [branch]
2022-10-09 21:39:43,678 p=93403 u=rob n=ansible | ok: [eveng]
2022-10-09 21:39:43,682 p=93403 u=rob n=ansible | TASK [eve-ng-lab-test : get lab status] **************************************************************************************************************
2022-10-09 21:39:43,710 p=93403 u=rob n=ansible | skipping: [vyos-oobm]
2022-10-09 21:39:43,712 p=93403 u=rob n=ansible | skipping: [central]
2022-10-09 21:39:43,718 p=93403 u=rob n=ansible | skipping: [branch]
2022-10-09 21:39:44,222 p=93403 u=rob n=ansible | ok: [eveng]
2022-10-09 21:39:44,227 p=93403 u=rob n=ansible | TASK [eve-ng-lab-test : start all nodes] *************************************************************************************************************
2022-10-09 21:39:44,253 p=93403 u=rob n=ansible | skipping: [vyos-oobm]
2022-10-09 21:39:44,255 p=93403 u=rob n=ansible | skipping: [central]
2022-10-09 21:39:44,262 p=93403 u=rob n=ansible | skipping: [branch]
2022-10-09 21:39:44,778 p=93403 u=rob n=ansible | ok: [eveng] => (item=1)
2022-10-09 21:39:45,745 p=93403 u=rob n=ansible | ok: [eveng] => (item=4)
2022-10-09 21:39:46,792 p=93403 u=rob n=ansible | ok: [eveng] => (item=6)
2022-10-09 21:39:47,860 p=93403 u=rob n=ansible | ok: [eveng] => (item=2)
2022-10-09 21:39:48,777 p=93403 u=rob n=ansible | ok: [eveng] => (item=3)
2022-10-09 21:39:48,784 p=93403 u=rob n=ansible | TASK [eve-ng-lab-test : Wait for vyos nodes] *********************************************************************************************************
2022-10-09 21:39:48,803 p=93403 u=rob n=ansible | skipping: [eveng]
2022-10-09 21:39:48,811 p=93403 u=rob n=ansible | skipping: [vyos-oobm]
2022-10-09 21:40:04,684 p=93959 u=rob n=p=93959 u=rob | paramiko [branch] | Exception: Error reading SSH protocol banner
2022-10-09 21:40:04,685 p=93958 u=rob n=p=93958 u=rob | paramiko [central] | Exception: Error reading SSH protocol banner
2022-10-09 21:40:04,688 p=93958 u=rob n=p=93958 u=rob | paramiko [central] | Traceback (most recent call last):
2022-10-09 21:40:04,688 p=93959 u=rob n=p=93959 u=rob | paramiko [branch] | Traceback (most recent call last):
2022-10-09 21:40:04,688 p=93958 u=rob n=p=93958 u=rob | paramiko [central] |   File "/Users/rob/.local/share/virtualenvs/vyos-eveng-b9X2mBdh/lib/python3.9/site-packages/paramiko/transport.py", line 2211, in _check_banner
2022-10-09 21:40:04,688 p=93959 u=rob n=p=93959 u=rob | paramiko [branch] |   File "/Users/rob/.local/share/virtualenvs/vyos-eveng-b9X2mBdh/lib/python3.9/site-packages/paramiko/transport.py", line 2211, in _check_banner
2022-10-09 21:40:04,688 p=93958 u=rob n=p=93958 u=rob | paramiko [central] |     buf = self.packetizer.readline(timeout)
2022-10-09 21:40:04,688 p=93959 u=rob n=p=93959 u=rob | paramiko [branch] |     buf = self.packetizer.readline(timeout)
2022-10-09 21:40:04,688 p=93958 u=rob n=p=93958 u=rob | paramiko [central] |   File "/Users/rob/.local/share/virtualenvs/vyos-eveng-b9X2mBdh/lib/python3.9/site-packages/paramiko/packet.py", line 380, in readline
2022-10-09 21:40:04,688 p=93959 u=rob n=p=93959 u=rob | paramiko [branch] |   File "/Users/rob/.local/share/virtualenvs/vyos-eveng-b9X2mBdh/lib/python3.9/site-packages/paramiko/packet.py", line 380, in readline
2022-10-09 21:40:04,688 p=93958 u=rob n=p=93958 u=rob | paramiko [central] |     buf += self._read_timeout(timeout)
2022-10-09 21:40:04,688 p=93959 u=rob n=p=93959 u=rob | paramiko [branch] |     buf += self._read_timeout(timeout)
2022-10-09 21:40:04,688 p=93958 u=rob n=p=93958 u=rob | paramiko [central] |   File "/Users/rob/.local/share/virtualenvs/vyos-eveng-b9X2mBdh/lib/python3.9/site-packages/paramiko/packet.py", line 622, in _read_timeout
2022-10-09 21:40:04,688 p=93959 u=rob n=p=93959 u=rob | paramiko [branch] |   File "/Users/rob/.local/share/virtualenvs/vyos-eveng-b9X2mBdh/lib/python3.9/site-packages/paramiko/packet.py", line 622, in _read_timeout
2022-10-09 21:40:04,688 p=93958 u=rob n=p=93958 u=rob | paramiko [central] |     raise socket.timeout()
2022-10-09 21:40:04,688 p=93959 u=rob n=p=93959 u=rob | paramiko [branch] |     raise socket.timeout()
2022-10-09 21:40:04,688 p=93958 u=rob n=p=93958 u=rob | paramiko [central] | socket.timeout
2022-10-09 21:40:04,689 p=93959 u=rob n=p=93959 u=rob | paramiko [branch] | socket.timeout
2022-10-09 21:40:04,689 p=93958 u=rob n=p=93958 u=rob | paramiko [central] | 
2022-10-09 21:40:04,689 p=93959 u=rob n=p=93959 u=rob | paramiko [branch] | 
2022-10-09 21:40:04,689 p=93958 u=rob n=p=93958 u=rob | paramiko [central] | During handling of the above exception, another exception occurred:
2022-10-09 21:40:04,689 p=93959 u=rob n=p=93959 u=rob | paramiko [branch] | During handling of the above exception, another exception occurred:
2022-10-09 21:40:04,689 p=93958 u=rob n=p=93958 u=rob | paramiko [central] | 
2022-10-09 21:40:04,689 p=93959 u=rob n=p=93959 u=rob | paramiko [branch] | 
2022-10-09 21:40:04,689 p=93958 u=rob n=p=93958 u=rob | paramiko [central] | Traceback (most recent call last):
2022-10-09 21:40:04,689 p=93959 u=rob n=p=93959 u=rob | paramiko [branch] | Traceback (most recent call last):
2022-10-09 21:40:04,689 p=93958 u=rob n=p=93958 u=rob | paramiko [central] |   File "/Users/rob/.local/share/virtualenvs/vyos-eveng-b9X2mBdh/lib/python3.9/site-packages/paramiko/transport.py", line 2039, in run
2022-10-09 21:40:04,689 p=93959 u=rob n=p=93959 u=rob | paramiko [branch] |   File "/Users/rob/.local/share/virtualenvs/vyos-eveng-b9X2mBdh/lib/python3.9/site-packages/paramiko/transport.py", line 2039, in run
2022-10-09 21:40:04,689 p=93958 u=rob n=p=93958 u=rob | paramiko [central] |     self._check_banner()
2022-10-09 21:40:04,689 p=93959 u=rob n=p=93959 u=rob | paramiko [branch] |     self._check_banner()
2022-10-09 21:40:04,689 p=93958 u=rob n=p=93958 u=rob | paramiko [central] |   File "/Users/rob/.local/share/virtualenvs/vyos-eveng-b9X2mBdh/lib/python3.9/site-packages/paramiko/transport.py", line 2215, in _check_banner
2022-10-09 21:40:04,689 p=93959 u=rob n=p=93959 u=rob | paramiko [branch] |   File "/Users/rob/.local/share/virtualenvs/vyos-eveng-b9X2mBdh/lib/python3.9/site-packages/paramiko/transport.py", line 2215, in _check_banner
2022-10-09 21:40:04,689 p=93958 u=rob n=p=93958 u=rob | paramiko [central] |     raise SSHException(
2022-10-09 21:40:04,690 p=93959 u=rob n=p=93959 u=rob | paramiko [branch] |     raise SSHException(
2022-10-09 21:40:04,690 p=93958 u=rob n=p=93958 u=rob | paramiko [central] | paramiko.ssh_exception.SSHException: Error reading SSH protocol banner
2022-10-09 21:40:04,690 p=93959 u=rob n=p=93959 u=rob | paramiko [branch] | paramiko.ssh_exception.SSHException: Error reading SSH protocol banner
2022-10-09 21:40:04,690 p=93958 u=rob n=p=93958 u=rob | paramiko [central] | 
2022-10-09 21:40:04,690 p=93959 u=rob n=p=93959 u=rob | paramiko [branch] | 
2022-10-09 21:40:20,719 p=93958 u=rob n=p=93958 u=rob | paramiko [central] | Exception: Error reading SSH protocol banner
2022-10-09 21:40:20,719 p=93958 u=rob n=p=93958 u=rob | paramiko [central] | Traceback (most recent call last):
2022-10-09 21:40:20,720 p=93958 u=rob n=p=93958 u=rob | paramiko [central] |   File "/Users/rob/.local/share/virtualenvs/vyos-eveng-b9X2mBdh/lib/python3.9/site-packages/paramiko/transport.py", line 2211, in _check_banner
2022-10-09 21:40:20,720 p=93958 u=rob n=p=93958 u=rob | paramiko [central] |     buf = self.packetizer.readline(timeout)
2022-10-09 21:40:20,720 p=93958 u=rob n=p=93958 u=rob | paramiko [central] |   File "/Users/rob/.local/share/virtualenvs/vyos-eveng-b9X2mBdh/lib/python3.9/site-packages/paramiko/packet.py", line 380, in readline
2022-10-09 21:40:20,720 p=93958 u=rob n=p=93958 u=rob | paramiko [central] |     buf += self._read_timeout(timeout)
2022-10-09 21:40:20,720 p=93958 u=rob n=p=93958 u=rob | paramiko [central] |   File "/Users/rob/.local/share/virtualenvs/vyos-eveng-b9X2mBdh/lib/python3.9/site-packages/paramiko/packet.py", line 622, in _read_timeout
2022-10-09 21:40:20,720 p=93958 u=rob n=p=93958 u=rob | paramiko [central] |     raise socket.timeout()
2022-10-09 21:40:20,720 p=93958 u=rob n=p=93958 u=rob | paramiko [central] | socket.timeout
2022-10-09 21:40:20,720 p=93958 u=rob n=p=93958 u=rob | paramiko [central] | 
2022-10-09 21:40:20,721 p=93958 u=rob n=p=93958 u=rob | paramiko [central] | During handling of the above exception, another exception occurred:
2022-10-09 21:40:20,721 p=93958 u=rob n=p=93958 u=rob | paramiko [central] | 
2022-10-09 21:40:20,721 p=93958 u=rob n=p=93958 u=rob | paramiko [central] | Traceback (most recent call last):
2022-10-09 21:40:20,721 p=93958 u=rob n=p=93958 u=rob | paramiko [central] |   File "/Users/rob/.local/share/virtualenvs/vyos-eveng-b9X2mBdh/lib/python3.9/site-packages/paramiko/transport.py", line 2039, in run
2022-10-09 21:40:20,721 p=93958 u=rob n=p=93958 u=rob | paramiko [central] |     self._check_banner()
2022-10-09 21:40:20,721 p=93958 u=rob n=p=93958 u=rob | paramiko [central] |   File "/Users/rob/.local/share/virtualenvs/vyos-eveng-b9X2mBdh/lib/python3.9/site-packages/paramiko/transport.py", line 2215, in _check_banner
2022-10-09 21:40:20,721 p=93958 u=rob n=p=93958 u=rob | paramiko [central] |     raise SSHException(
2022-10-09 21:40:20,721 p=93958 u=rob n=p=93958 u=rob | paramiko [central] | paramiko.ssh_exception.SSHException: Error reading SSH protocol banner
2022-10-09 21:40:20,721 p=93958 u=rob n=p=93958 u=rob | paramiko [central] | 
2022-10-09 21:40:20,722 p=93959 u=rob n=p=93959 u=rob | paramiko [branch] | Exception: Error reading SSH protocol banner
2022-10-09 21:40:20,722 p=93959 u=rob n=p=93959 u=rob | paramiko [branch] | Traceback (most recent call last):
2022-10-09 21:40:20,722 p=93959 u=rob n=p=93959 u=rob | paramiko [branch] |   File "/Users/rob/.local/share/virtualenvs/vyos-eveng-b9X2mBdh/lib/python3.9/site-packages/paramiko/transport.py", line 2211, in _check_banner
2022-10-09 21:40:20,723 p=93959 u=rob n=p=93959 u=rob | paramiko [branch] |     buf = self.packetizer.readline(timeout)
2022-10-09 21:40:20,723 p=93959 u=rob n=p=93959 u=rob | paramiko [branch] |   File "/Users/rob/.local/share/virtualenvs/vyos-eveng-b9X2mBdh/lib/python3.9/site-packages/paramiko/packet.py", line 380, in readline
2022-10-09 21:40:20,723 p=93959 u=rob n=p=93959 u=rob | paramiko [branch] |     buf += self._read_timeout(timeout)
2022-10-09 21:40:20,723 p=93959 u=rob n=p=93959 u=rob | paramiko [branch] |   File "/Users/rob/.local/share/virtualenvs/vyos-eveng-b9X2mBdh/lib/python3.9/site-packages/paramiko/packet.py", line 622, in _read_timeout
2022-10-09 21:40:20,723 p=93959 u=rob n=p=93959 u=rob | paramiko [branch] |     raise socket.timeout()
2022-10-09 21:40:20,723 p=93959 u=rob n=p=93959 u=rob | paramiko [branch] | socket.timeout
2022-10-09 21:40:20,723 p=93959 u=rob n=p=93959 u=rob | paramiko [branch] | 
2022-10-09 21:40:20,723 p=93959 u=rob n=p=93959 u=rob | paramiko [branch] | During handling of the above exception, another exception occurred:
2022-10-09 21:40:20,724 p=93959 u=rob n=p=93959 u=rob | paramiko [branch] | 
2022-10-09 21:40:20,724 p=93959 u=rob n=p=93959 u=rob | paramiko [branch] | Traceback (most recent call last):
2022-10-09 21:40:20,724 p=93959 u=rob n=p=93959 u=rob | paramiko [branch] |   File "/Users/rob/.local/share/virtualenvs/vyos-eveng-b9X2mBdh/lib/python3.9/site-packages/paramiko/transport.py", line 2039, in run
2022-10-09 21:40:20,724 p=93959 u=rob n=p=93959 u=rob | paramiko [branch] |     self._check_banner()
2022-10-09 21:40:20,724 p=93959 u=rob n=p=93959 u=rob | paramiko [branch] |   File "/Users/rob/.local/share/virtualenvs/vyos-eveng-b9X2mBdh/lib/python3.9/site-packages/paramiko/transport.py", line 2215, in _check_banner
2022-10-09 21:40:20,724 p=93959 u=rob n=p=93959 u=rob | paramiko [branch] |     raise SSHException(
2022-10-09 21:40:20,724 p=93959 u=rob n=p=93959 u=rob | paramiko [branch] | paramiko.ssh_exception.SSHException: Error reading SSH protocol banner
2022-10-09 21:40:20,724 p=93959 u=rob n=p=93959 u=rob | paramiko [branch] | 
2022-10-09 21:40:36,740 p=93958 u=rob n=p=93958 u=rob | paramiko [central] | Exception: Error reading SSH protocol banner
2022-10-09 21:40:36,741 p=93958 u=rob n=p=93958 u=rob | paramiko [central] | Traceback (most recent call last):
2022-10-09 21:40:36,741 p=93958 u=rob n=p=93958 u=rob | paramiko [central] |   File "/Users/rob/.local/share/virtualenvs/vyos-eveng-b9X2mBdh/lib/python3.9/site-packages/paramiko/transport.py", line 2211, in _check_banner
2022-10-09 21:40:36,741 p=93958 u=rob n=p=93958 u=rob | paramiko [central] |     buf = self.packetizer.readline(timeout)
2022-10-09 21:40:36,741 p=93958 u=rob n=p=93958 u=rob | paramiko [central] |   File "/Users/rob/.local/share/virtualenvs/vyos-eveng-b9X2mBdh/lib/python3.9/site-packages/paramiko/packet.py", line 380, in readline
2022-10-09 21:40:36,741 p=93958 u=rob n=p=93958 u=rob | paramiko [central] |     buf += self._read_timeout(timeout)
2022-10-09 21:40:36,741 p=93958 u=rob n=p=93958 u=rob | paramiko [central] |   File "/Users/rob/.local/share/virtualenvs/vyos-eveng-b9X2mBdh/lib/python3.9/site-packages/paramiko/packet.py", line 622, in _read_timeout
2022-10-09 21:40:36,741 p=93958 u=rob n=p=93958 u=rob | paramiko [central] |     raise socket.timeout()
2022-10-09 21:40:36,741 p=93958 u=rob n=p=93958 u=rob | paramiko [central] | socket.timeout
2022-10-09 21:40:36,742 p=93958 u=rob n=p=93958 u=rob | paramiko [central] | 
2022-10-09 21:40:36,742 p=93958 u=rob n=p=93958 u=rob | paramiko [central] | During handling of the above exception, another exception occurred:
2022-10-09 21:40:36,742 p=93958 u=rob n=p=93958 u=rob | paramiko [central] | 
2022-10-09 21:40:36,742 p=93958 u=rob n=p=93958 u=rob | paramiko [central] | Traceback (most recent call last):
2022-10-09 21:40:36,742 p=93958 u=rob n=p=93958 u=rob | paramiko [central] |   File "/Users/rob/.local/share/virtualenvs/vyos-eveng-b9X2mBdh/lib/python3.9/site-packages/paramiko/transport.py", line 2039, in run
2022-10-09 21:40:36,742 p=93958 u=rob n=p=93958 u=rob | paramiko [central] |     self._check_banner()
2022-10-09 21:40:36,742 p=93958 u=rob n=p=93958 u=rob | paramiko [central] |   File "/Users/rob/.local/share/virtualenvs/vyos-eveng-b9X2mBdh/lib/python3.9/site-packages/paramiko/transport.py", line 2215, in _check_banner
2022-10-09 21:40:36,742 p=93958 u=rob n=p=93958 u=rob | paramiko [central] |     raise SSHException(
2022-10-09 21:40:36,743 p=93958 u=rob n=p=93958 u=rob | paramiko [central] | paramiko.ssh_exception.SSHException: Error reading SSH protocol banner
2022-10-09 21:40:36,743 p=93958 u=rob n=p=93958 u=rob | paramiko [central] | 
2022-10-09 21:40:36,745 p=93959 u=rob n=p=93959 u=rob | paramiko [branch] | Exception: Error reading SSH protocol banner
2022-10-09 21:40:36,745 p=93959 u=rob n=p=93959 u=rob | paramiko [branch] | Traceback (most recent call last):
2022-10-09 21:40:36,745 p=93959 u=rob n=p=93959 u=rob | paramiko [branch] |   File "/Users/rob/.local/share/virtualenvs/vyos-eveng-b9X2mBdh/lib/python3.9/site-packages/paramiko/transport.py", line 2211, in _check_banner
2022-10-09 21:40:36,746 p=93959 u=rob n=p=93959 u=rob | paramiko [branch] |     buf = self.packetizer.readline(timeout)
2022-10-09 21:40:36,746 p=93959 u=rob n=p=93959 u=rob | paramiko [branch] |   File "/Users/rob/.local/share/virtualenvs/vyos-eveng-b9X2mBdh/lib/python3.9/site-packages/paramiko/packet.py", line 380, in readline
2022-10-09 21:40:36,746 p=93959 u=rob n=p=93959 u=rob | paramiko [branch] |     buf += self._read_timeout(timeout)
2022-10-09 21:40:36,746 p=93959 u=rob n=p=93959 u=rob | paramiko [branch] |   File "/Users/rob/.local/share/virtualenvs/vyos-eveng-b9X2mBdh/lib/python3.9/site-packages/paramiko/packet.py", line 622, in _read_timeout
2022-10-09 21:40:36,746 p=93959 u=rob n=p=93959 u=rob | paramiko [branch] |     raise socket.timeout()
2022-10-09 21:40:36,746 p=93959 u=rob n=p=93959 u=rob | paramiko [branch] | socket.timeout
2022-10-09 21:40:36,746 p=93959 u=rob n=p=93959 u=rob | paramiko [branch] | 
2022-10-09 21:40:36,746 p=93959 u=rob n=p=93959 u=rob | paramiko [branch] | During handling of the above exception, another exception occurred:
2022-10-09 21:40:36,746 p=93959 u=rob n=p=93959 u=rob | paramiko [branch] | 
2022-10-09 21:40:36,747 p=93959 u=rob n=p=93959 u=rob | paramiko [branch] | Traceback (most recent call last):
2022-10-09 21:40:36,747 p=93959 u=rob n=p=93959 u=rob | paramiko [branch] |   File "/Users/rob/.local/share/virtualenvs/vyos-eveng-b9X2mBdh/lib/python3.9/site-packages/paramiko/transport.py", line 2039, in run
2022-10-09 21:40:36,747 p=93959 u=rob n=p=93959 u=rob | paramiko [branch] |     self._check_banner()
2022-10-09 21:40:36,747 p=93959 u=rob n=p=93959 u=rob | paramiko [branch] |   File "/Users/rob/.local/share/virtualenvs/vyos-eveng-b9X2mBdh/lib/python3.9/site-packages/paramiko/transport.py", line 2215, in _check_banner
2022-10-09 21:40:36,747 p=93959 u=rob n=p=93959 u=rob | paramiko [branch] |     raise SSHException(
2022-10-09 21:40:36,747 p=93959 u=rob n=p=93959 u=rob | paramiko [branch] | paramiko.ssh_exception.SSHException: Error reading SSH protocol banner
2022-10-09 21:40:36,747 p=93959 u=rob n=p=93959 u=rob | paramiko [branch] | 
2022-10-09 21:40:38,390 p=93959 u=rob n=p=93959 u=rob | paramiko [branch] | Connected (version 2.0, client OpenSSH_8.4p1)
2022-10-09 21:40:38,443 p=93959 u=rob n=p=93959 u=rob | paramiko [branch] | Authentication (publickey) successful!
2022-10-09 21:40:39,382 p=93403 u=rob n=ansible | ok: [branch]
2022-10-09 21:40:52,774 p=93958 u=rob n=p=93958 u=rob | paramiko [central] | Exception: Error reading SSH protocol banner
2022-10-09 21:40:52,775 p=93958 u=rob n=p=93958 u=rob | paramiko [central] | Traceback (most recent call last):
2022-10-09 21:40:52,775 p=93958 u=rob n=p=93958 u=rob | paramiko [central] |   File "/Users/rob/.local/share/virtualenvs/vyos-eveng-b9X2mBdh/lib/python3.9/site-packages/paramiko/transport.py", line 2211, in _check_banner
2022-10-09 21:40:52,776 p=93958 u=rob n=p=93958 u=rob | paramiko [central] |     buf = self.packetizer.readline(timeout)
2022-10-09 21:40:52,776 p=93958 u=rob n=p=93958 u=rob | paramiko [central] |   File "/Users/rob/.local/share/virtualenvs/vyos-eveng-b9X2mBdh/lib/python3.9/site-packages/paramiko/packet.py", line 380, in readline
2022-10-09 21:40:52,776 p=93958 u=rob n=p=93958 u=rob | paramiko [central] |     buf += self._read_timeout(timeout)
2022-10-09 21:40:52,776 p=93958 u=rob n=p=93958 u=rob | paramiko [central] |   File "/Users/rob/.local/share/virtualenvs/vyos-eveng-b9X2mBdh/lib/python3.9/site-packages/paramiko/packet.py", line 622, in _read_timeout
2022-10-09 21:40:52,776 p=93958 u=rob n=p=93958 u=rob | paramiko [central] |     raise socket.timeout()
2022-10-09 21:40:52,776 p=93958 u=rob n=p=93958 u=rob | paramiko [central] | socket.timeout
2022-10-09 21:40:52,776 p=93958 u=rob n=p=93958 u=rob | paramiko [central] | 
2022-10-09 21:40:52,776 p=93958 u=rob n=p=93958 u=rob | paramiko [central] | During handling of the above exception, another exception occurred:
2022-10-09 21:40:52,777 p=93958 u=rob n=p=93958 u=rob | paramiko [central] | 
2022-10-09 21:40:52,777 p=93958 u=rob n=p=93958 u=rob | paramiko [central] | Traceback (most recent call last):
2022-10-09 21:40:52,777 p=93958 u=rob n=p=93958 u=rob | paramiko [central] |   File "/Users/rob/.local/share/virtualenvs/vyos-eveng-b9X2mBdh/lib/python3.9/site-packages/paramiko/transport.py", line 2039, in run
2022-10-09 21:40:52,777 p=93958 u=rob n=p=93958 u=rob | paramiko [central] |     self._check_banner()
2022-10-09 21:40:52,777 p=93958 u=rob n=p=93958 u=rob | paramiko [central] |   File "/Users/rob/.local/share/virtualenvs/vyos-eveng-b9X2mBdh/lib/python3.9/site-packages/paramiko/transport.py", line 2215, in _check_banner
2022-10-09 21:40:52,777 p=93958 u=rob n=p=93958 u=rob | paramiko [central] |     raise SSHException(
2022-10-09 21:40:52,777 p=93958 u=rob n=p=93958 u=rob | paramiko [central] | paramiko.ssh_exception.SSHException: Error reading SSH protocol banner
2022-10-09 21:40:52,777 p=93958 u=rob n=p=93958 u=rob | paramiko [central] | 
2022-10-09 21:40:54,237 p=93958 u=rob n=p=93958 u=rob | paramiko [central] | Connected (version 2.0, client OpenSSH_8.4p1)
2022-10-09 21:40:54,325 p=93958 u=rob n=p=93958 u=rob | paramiko [central] | Authentication (publickey) successful!
2022-10-09 21:40:55,210 p=93403 u=rob n=ansible | ok: [central]
2022-10-09 21:40:55,213 p=93403 u=rob n=ansible | TASK [eve-ng-lab-test : include Wireguard lab_config.yml] ********************************************************************************************
2022-10-09 21:40:55,228 p=93403 u=rob n=ansible | skipping: [eveng]
2022-10-09 21:40:55,235 p=93403 u=rob n=ansible | skipping: [vyos-oobm]
2022-10-09 21:40:55,248 p=93403 u=rob n=ansible | included: /Users/rob/git/_vyos/vyos-eveng/labs/Wireguard/lab_config.yml for central, branch
2022-10-09 21:40:55,270 p=93403 u=rob n=ansible | TASK [eve-ng-lab-test : generate pki wireguard key-pair] *********************************************************************************************
2022-10-09 21:40:56,880 p=93655 u=rob n=p=93655 u=rob | paramiko [central] | Connected (version 2.0, client OpenSSH_8.4p1)
2022-10-09 21:40:56,902 p=93656 u=rob n=p=93656 u=rob | paramiko [branch] | Connected (version 2.0, client OpenSSH_8.4p1)
2022-10-09 21:40:56,958 p=93655 u=rob n=p=93655 u=rob | paramiko [central] | Authentication (publickey) successful!
2022-10-09 21:40:56,969 p=93656 u=rob n=p=93656 u=rob | paramiko [branch] | Authentication (publickey) successful!
2022-10-09 21:40:58,731 p=93403 u=rob n=ansible | ok: [central]
2022-10-09 21:40:58,829 p=93403 u=rob n=ansible | ok: [branch]
2022-10-09 21:40:58,834 p=93403 u=rob n=ansible | TASK [eve-ng-lab-test : set pub and private key] *****************************************************************************************************
2022-10-09 21:40:59,692 p=93403 u=rob n=ansible | ok: [branch]
2022-10-09 21:40:59,693 p=93403 u=rob n=ansible | ok: [central]
2022-10-09 21:40:59,716 p=93403 u=rob n=ansible | TASK [eve-ng-lab-test : setup nodes] *****************************************************************************************************************
2022-10-09 21:41:07,931 p=93403 u=rob n=ansible | [WARNING]: To ensure idempotency and correct diff the input configuration lines should be similar to how they appear if present in the running
configuration on device including the indentation

2022-10-09 21:41:07,931 p=93403 u=rob n=ansible | changed: [central]
2022-10-09 21:41:08,093 p=93403 u=rob n=ansible | changed: [branch]
2022-10-09 21:41:08,097 p=93403 u=rob n=ansible | TASK [eve-ng-lab-test : Login to EVE-NG and get Cookie] **********************************************************************************************
2022-10-09 21:41:08,122 p=93403 u=rob n=ansible | skipping: [vyos-oobm]
2022-10-09 21:41:08,124 p=93403 u=rob n=ansible | skipping: [central]
2022-10-09 21:41:08,130 p=93403 u=rob n=ansible | skipping: [branch]
2022-10-09 21:41:09,401 p=93403 u=rob n=ansible | ok: [eveng]
2022-10-09 21:41:09,406 p=93403 u=rob n=ansible | TASK [eve-ng-lab-test : stop nodes id] ***************************************************************************************************************
2022-10-09 21:41:09,451 p=93403 u=rob n=ansible | TASK [eve-ng-lab-test : wait after stop] *************************************************************************************************************
2022-10-09 21:41:09,460 p=94130 u=rob n=ansible | Pausing for 5 seconds
2022-10-09 21:41:09,460 p=94130 u=rob n=ansible | (ctrl+C then 'C' = continue early, ctrl+C then 'A' = abort)
2022-10-09 21:41:14,468 p=93403 u=rob n=ansible | ok: [eveng]
2022-10-09 21:41:14,475 p=93403 u=rob n=ansible | TASK [eve-ng-lab-test : start nodes id] **************************************************************************************************************
2022-10-09 21:41:14,526 p=93403 u=rob n=ansible | TASK [eve-ng-lab-test : wait after start] ************************************************************************************************************
2022-10-09 21:41:14,535 p=94135 u=rob n=ansible | Pausing for 5 seconds
2022-10-09 21:41:14,535 p=94135 u=rob n=ansible | (ctrl+C then 'C' = continue early, ctrl+C then 'A' = abort)
2022-10-09 21:41:19,544 p=93403 u=rob n=ansible | ok: [eveng]
2022-10-09 21:41:19,551 p=93403 u=rob n=ansible | TASK [eve-ng-lab-test : wait, b/c the ping often failed without a short break] ***********************************************************************
2022-10-09 21:41:19,567 p=94147 u=rob n=ansible | Pausing for 30 seconds
2022-10-09 21:41:19,568 p=94147 u=rob n=ansible | (ctrl+C then 'C' = continue early, ctrl+C then 'A' = abort)
2022-10-09 21:41:49,574 p=93403 u=rob n=ansible | ok: [eveng]
2022-10-09 21:41:49,582 p=93403 u=rob n=ansible | TASK [eve-ng-lab-test : do ping test] ****************************************************************************************************************
2022-10-09 21:41:49,616 p=93403 u=rob n=ansible | skipping: [eveng]
2022-10-09 21:41:49,617 p=93403 u=rob n=ansible | skipping: [vyos-oobm]
2022-10-09 21:41:55,011 p=93403 u=rob n=ansible | ok: [central] => (item=10.0.2.100)
2022-10-09 21:41:55,027 p=93403 u=rob n=ansible | ok: [branch] => (item=10.0.1.100)
2022-10-09 21:41:55,030 p=93403 u=rob n=ansible | TASK [eve-ng-lab-test : execute test commands] *******************************************************************************************************
2022-10-09 21:41:55,053 p=93403 u=rob n=ansible | skipping: [eveng]
2022-10-09 21:41:55,053 p=93403 u=rob n=ansible | skipping: [vyos-oobm]
2022-10-09 21:41:56,279 p=93403 u=rob n=ansible | ok: [central] => (item={'desc': 'Test if IP is set to interface', 'command': "ip -4 addr show dev eth2 | grep inet | tr -s ' ' | cut -d' ' -f3 | head -n 1", 'wait_for': ['result[0] contains "10.0.1.254/24"']})
2022-10-09 21:41:56,576 p=93403 u=rob n=ansible | ok: [branch] => (item={'desc': 'show interfaces wireguard', 'command': 'show interfaces wireguard', 'wait_for': ['result[0] contains "S - State, L - Link, u - Up, D - Down, A - Admin Down"', 'result[0] contains "Interface        IP Address                        S/L  Description"', 'result[0] contains "---------        ----------                        ---  -----------"', 'result[0] contains "wg01             192.168.0.2/24                    u/u  VPN-to-central"']})
2022-10-09 21:41:56,839 p=93403 u=rob n=ansible | ok: [central] => (item={'desc': 'show interfaces wireguard', 'command': 'show interfaces wireguard', 'wait_for': ['result[0] contains "S - State, L - Link, u - Up, D - Down, A - Admin Down"', 'result[0] contains "Interface        IP Address                        S/L  Description"', 'result[0] contains "---------        ----------                        ---  -----------"', 'result[0] contains "wg01             192.168.0.1/24                    u/u  VPN-to-Branch"']})
2022-10-09 21:41:56,844 p=93403 u=rob n=ansible | TASK [eve-ng-lab-test : register stdout commands] ****************************************************************************************************
2022-10-09 21:41:56,866 p=93403 u=rob n=ansible | skipping: [eveng]
2022-10-09 21:41:56,867 p=93403 u=rob n=ansible | skipping: [vyos-oobm]
2022-10-09 21:41:58,278 p=93403 u=rob n=ansible | ok: [branch] => (item={'name': 'show_interfaces_wireguard', 'command': 'show interfaces wireguard'})
2022-10-09 21:41:58,280 p=93403 u=rob n=ansible | ok: [central] => (item={'name': 'show_interfaces_wireguard', 'command': 'show interfaces wireguard'})
2022-10-09 21:42:01,733 p=93403 u=rob n=ansible | ok: [central] => (item={'name': 'ping_branch_pc', 'command': 'ping 10.0.2.100 count 4'})
2022-10-09 21:42:01,738 p=93403 u=rob n=ansible | TASK [eve-ng-lab-test : Set variables] ***************************************************************************************************************
2022-10-09 21:42:01,761 p=93403 u=rob n=ansible | skipping: [eveng]
2022-10-09 21:42:01,762 p=93403 u=rob n=ansible | skipping: [vyos-oobm]
2022-10-09 21:42:02,605 p=93403 u=rob n=ansible | ok: [branch]
2022-10-09 21:42:02,606 p=93403 u=rob n=ansible | ok: [central]
2022-10-09 21:42:02,613 p=93403 u=rob n=ansible | TASK [eve-ng-lab-test : Reboot vyos] *****************************************************************************************************************
2022-10-09 21:42:02,636 p=93403 u=rob n=ansible | skipping: [eveng]
2022-10-09 21:42:02,645 p=93403 u=rob n=ansible | skipping: [vyos-oobm]
2022-10-09 21:42:03,973 p=93403 u=rob n=ansible | ok: [branch]
2022-10-09 21:42:03,974 p=93403 u=rob n=ansible | ok: [central]
2022-10-09 21:42:03,978 p=93403 u=rob n=ansible | TASK [eve-ng-lab-test : wait while shutdown] *********************************************************************************************************
2022-10-09 21:42:03,989 p=93403 u=rob n=ansible | skipping: [eveng]
2022-10-09 21:42:03,992 p=93403 u=rob n=ansible | TASK [eve-ng-lab-test : Wait for vyos nodes] *********************************************************************************************************
2022-10-09 21:42:04,007 p=93403 u=rob n=ansible | skipping: [eveng]
2022-10-09 21:42:04,013 p=93403 u=rob n=ansible | skipping: [vyos-oobm]
2022-10-09 21:42:05,522 p=94370 u=rob n=p=94370 u=rob | paramiko [branch] | Connected (version 2.0, client OpenSSH_8.4p1)
2022-10-09 21:42:05,527 p=94369 u=rob n=p=94369 u=rob | paramiko [central] | Connected (version 2.0, client OpenSSH_8.4p1)
2022-10-09 21:42:05,601 p=94370 u=rob n=p=94370 u=rob | paramiko [branch] | Auth banner: b'System is going down. Unprivileged users are not permitted to log in anymore. For technical details, see pam_nologin(8).\n\n'
2022-10-09 21:42:05,605 p=94369 u=rob n=p=94369 u=rob | paramiko [central] | Auth banner: b'System is going down. Unprivileged users are not permitted to log in anymore. For technical details, see pam_nologin(8).\n\n'
2022-10-09 21:44:04,221 p=93655 u=rob n=ansible | persistent connection idle timeout triggered, timeout value is 120 secs.
See the timeout setting options in the Network Debug and Troubleshooting Guide.
2022-10-09 21:44:04,222 p=93656 u=rob n=ansible | persistent connection idle timeout triggered, timeout value is 120 secs.
See the timeout setting options in the Network Debug and Troubleshooting Guide.
2022-10-09 21:44:04,324 p=93655 u=rob n=ansible | shutdown complete
2022-10-09 21:44:04,324 p=93656 u=rob n=ansible | shutdown complete
2022-10-09 21:44:07,309 p=94370 u=rob n=p=94370 u=rob | paramiko [branch] | Connected (version 2.0, client OpenSSH_8.4p1)
2022-10-09 21:44:07,309 p=94369 u=rob n=p=94369 u=rob | paramiko [central] | Connected (version 2.0, client OpenSSH_8.4p1)
2022-10-09 21:44:07,387 p=94369 u=rob n=p=94369 u=rob | paramiko [central] | Authentication (publickey) successful!
2022-10-09 21:44:07,387 p=94370 u=rob n=p=94370 u=rob | paramiko [branch] | Authentication (publickey) successful!
2022-10-09 21:44:08,612 p=93403 u=rob n=ansible | ok: [branch]
2022-10-09 21:44:08,643 p=93403 u=rob n=ansible | ok: [central]
2022-10-09 21:44:08,644 p=93403 u=rob n=ansible | TASK [eve-ng-lab-test : Login to EVE-NG and get Cookie] **********************************************************************************************
2022-10-09 21:44:08,666 p=93403 u=rob n=ansible | skipping: [vyos-oobm]
2022-10-09 21:44:08,668 p=93403 u=rob n=ansible | skipping: [central]
2022-10-09 21:44:08,672 p=93403 u=rob n=ansible | skipping: [branch]
2022-10-09 21:44:09,901 p=93403 u=rob n=ansible | ok: [eveng]
2022-10-09 21:44:09,906 p=93403 u=rob n=ansible | TASK [eve-ng-lab-test : stop nodes id] ***************************************************************************************************************
2022-10-09 21:44:09,953 p=93403 u=rob n=ansible | TASK [eve-ng-lab-test : wait after stop] *************************************************************************************************************
2022-10-09 21:44:09,962 p=94488 u=rob n=ansible | Pausing for 5 seconds
2022-10-09 21:44:09,962 p=94488 u=rob n=ansible | (ctrl+C then 'C' = continue early, ctrl+C then 'A' = abort)
2022-10-09 21:44:14,970 p=93403 u=rob n=ansible | ok: [eveng]
2022-10-09 21:44:14,976 p=93403 u=rob n=ansible | TASK [eve-ng-lab-test : start nodes id] **************************************************************************************************************
2022-10-09 21:44:15,027 p=93403 u=rob n=ansible | TASK [eve-ng-lab-test : wait after start] ************************************************************************************************************
2022-10-09 21:44:15,036 p=94493 u=rob n=ansible | Pausing for 5 seconds
2022-10-09 21:44:15,037 p=94493 u=rob n=ansible | (ctrl+C then 'C' = continue early, ctrl+C then 'A' = abort)
2022-10-09 21:44:20,044 p=93403 u=rob n=ansible | ok: [eveng]
2022-10-09 21:44:20,049 p=93403 u=rob n=ansible | TASK [eve-ng-lab-test : wait, b/c the ping often failed without a short break] ***********************************************************************
2022-10-09 21:44:20,061 p=94495 u=rob n=ansible | Pausing for 30 seconds
2022-10-09 21:44:20,062 p=94495 u=rob n=ansible | (ctrl+C then 'C' = continue early, ctrl+C then 'A' = abort)
2022-10-09 21:44:50,071 p=93403 u=rob n=ansible | ok: [eveng]
2022-10-09 21:44:50,077 p=93403 u=rob n=ansible | TASK [eve-ng-lab-test : do ping test] ****************************************************************************************************************
2022-10-09 21:44:50,108 p=93403 u=rob n=ansible | skipping: [eveng]
2022-10-09 21:44:50,108 p=93403 u=rob n=ansible | skipping: [vyos-oobm]
2022-10-09 21:44:51,016 p=94502 u=rob n=ansible | network_os is set to vyos
2022-10-09 21:44:51,016 p=94503 u=rob n=ansible | network_os is set to vyos
2022-10-09 21:44:51,791 p=94511 u=rob n=p=94511 u=rob | paramiko [central] | Connected (version 2.0, client OpenSSH_8.4p1)
2022-10-09 21:44:51,793 p=94510 u=rob n=p=94510 u=rob | paramiko [branch] | Connected (version 2.0, client OpenSSH_8.4p1)
2022-10-09 21:44:51,879 p=94510 u=rob n=p=94510 u=rob | paramiko [branch] | Authentication (publickey) successful!
2022-10-09 21:44:51,879 p=94511 u=rob n=p=94511 u=rob | paramiko [central] | Authentication (publickey) successful!
2022-10-09 21:44:57,879 p=93403 u=rob n=ansible | ok: [central] => (item=10.0.2.100)
2022-10-09 21:44:57,934 p=93403 u=rob n=ansible | ok: [branch] => (item=10.0.1.100)
2022-10-09 21:44:57,937 p=93403 u=rob n=ansible | TASK [eve-ng-lab-test : execute test commands] *******************************************************************************************************
2022-10-09 21:44:57,958 p=93403 u=rob n=ansible | skipping: [eveng]
2022-10-09 21:44:57,959 p=93403 u=rob n=ansible | skipping: [vyos-oobm]
2022-10-09 21:44:59,140 p=93403 u=rob n=ansible | ok: [central] => (item={'desc': 'Test if IP is set to interface', 'command': "ip -4 addr show dev eth2 | grep inet | tr -s ' ' | cut -d' ' -f3 | head -n 1", 'wait_for': ['result[0] contains "10.0.1.254/24"']})
2022-10-09 21:44:59,404 p=93403 u=rob n=ansible | ok: [branch] => (item={'desc': 'show interfaces wireguard', 'command': 'show interfaces wireguard', 'wait_for': ['result[0] contains "S - State, L - Link, u - Up, D - Down, A - Admin Down"', 'result[0] contains "Interface        IP Address                        S/L  Description"', 'result[0] contains "---------        ----------                        ---  -----------"', 'result[0] contains "wg01             192.168.0.2/24                    u/u  VPN-to-central"']})
2022-10-09 21:44:59,708 p=93403 u=rob n=ansible | ok: [central] => (item={'desc': 'show interfaces wireguard', 'command': 'show interfaces wireguard', 'wait_for': ['result[0] contains "S - State, L - Link, u - Up, D - Down, A - Admin Down"', 'result[0] contains "Interface        IP Address                        S/L  Description"', 'result[0] contains "---------        ----------                        ---  -----------"', 'result[0] contains "wg01             192.168.0.1/24                    u/u  VPN-to-Branch"']})
2022-10-09 21:44:59,711 p=93403 u=rob n=ansible | TASK [eve-ng-lab-test : register stdout commands] ****************************************************************************************************
2022-10-09 21:44:59,734 p=93403 u=rob n=ansible | skipping: [eveng]
2022-10-09 21:44:59,735 p=93403 u=rob n=ansible | skipping: [vyos-oobm]
2022-10-09 21:44:59,743 p=93403 u=rob n=ansible | skipping: [central] => (item={'name': 'show_interfaces_wireguard', 'command': 'show interfaces wireguard'}) 
2022-10-09 21:44:59,744 p=93403 u=rob n=ansible | skipping: [central] => (item={'name': 'ping_branch_pc', 'command': 'ping 10.0.2.100 count 4'}) 
2022-10-09 21:44:59,747 p=93403 u=rob n=ansible | skipping: [branch] => (item={'name': 'show_interfaces_wireguard', 'command': 'show interfaces wireguard'}) 
2022-10-09 21:44:59,750 p=93403 u=rob n=ansible | TASK [eve-ng-lab-test : Set variables] ***************************************************************************************************************
2022-10-09 21:44:59,767 p=93403 u=rob n=ansible | skipping: [eveng]
2022-10-09 21:44:59,768 p=93403 u=rob n=ansible | skipping: [vyos-oobm]
2022-10-09 21:44:59,770 p=93403 u=rob n=ansible | skipping: [central]
2022-10-09 21:44:59,776 p=93403 u=rob n=ansible | skipping: [branch]
2022-10-09 21:44:59,779 p=93403 u=rob n=ansible | TASK [eve-ng-lab-test : make sure tmp dir exist] *****************************************************************************************************
2022-10-09 21:44:59,793 p=93403 u=rob n=ansible | skipping: [eveng]
2022-10-09 21:44:59,800 p=93403 u=rob n=ansible | skipping: [vyos-oobm]
2022-10-09 21:44:59,802 p=93403 u=rob n=ansible | skipping: [central]
2022-10-09 21:44:59,804 p=93403 u=rob n=ansible | skipping: [branch]
2022-10-09 21:44:59,808 p=93403 u=rob n=ansible | TASK [eve-ng-lab-test : register status of tmp/] *****************************************************************************************************
2022-10-09 21:44:59,820 p=93403 u=rob n=ansible | skipping: [eveng]
2022-10-09 21:44:59,826 p=93403 u=rob n=ansible | skipping: [vyos-oobm]
2022-10-09 21:44:59,828 p=93403 u=rob n=ansible | skipping: [central]
2022-10-09 21:44:59,831 p=93403 u=rob n=ansible | skipping: [branch]
2022-10-09 21:44:59,834 p=93403 u=rob n=ansible | TASK [eve-ng-lab-test : Download upgrade_iso] ********************************************************************************************************
2022-10-09 21:44:59,850 p=93403 u=rob n=ansible | skipping: [eveng]
2022-10-09 21:44:59,856 p=93403 u=rob n=ansible | skipping: [vyos-oobm]
2022-10-09 21:44:59,858 p=93403 u=rob n=ansible | skipping: [central]
2022-10-09 21:44:59,861 p=93403 u=rob n=ansible | skipping: [branch]
2022-10-09 21:44:59,865 p=93403 u=rob n=ansible | TASK [eve-ng-lab-test : Copy iso to host] ************************************************************************************************************
2022-10-09 21:44:59,878 p=93403 u=rob n=ansible | skipping: [eveng]
2022-10-09 21:44:59,884 p=93403 u=rob n=ansible | skipping: [vyos-oobm]
2022-10-09 21:44:59,886 p=93403 u=rob n=ansible | skipping: [central]
2022-10-09 21:44:59,890 p=93403 u=rob n=ansible | skipping: [branch]
2022-10-09 21:44:59,892 p=93403 u=rob n=ansible | TASK [eve-ng-lab-test : upgrade vyos] ****************************************************************************************************************
2022-10-09 21:44:59,906 p=93403 u=rob n=ansible | skipping: [eveng]
2022-10-09 21:44:59,912 p=93403 u=rob n=ansible | skipping: [vyos-oobm]
2022-10-09 21:44:59,913 p=93403 u=rob n=ansible | skipping: [central]
2022-10-09 21:44:59,917 p=93403 u=rob n=ansible | skipping: [branch]
2022-10-09 21:44:59,919 p=93403 u=rob n=ansible | TASK [eve-ng-lab-test : Reboot vyos] *****************************************************************************************************************
2022-10-09 21:44:59,932 p=93403 u=rob n=ansible | skipping: [eveng]
2022-10-09 21:44:59,939 p=93403 u=rob n=ansible | skipping: [vyos-oobm]
2022-10-09 21:44:59,940 p=93403 u=rob n=ansible | skipping: [central]
2022-10-09 21:44:59,943 p=93403 u=rob n=ansible | skipping: [branch]
2022-10-09 21:44:59,945 p=93403 u=rob n=ansible | TASK [eve-ng-lab-test : wait while shutdown] *********************************************************************************************************
2022-10-09 21:44:59,953 p=93403 u=rob n=ansible | skipping: [eveng]
2022-10-09 21:44:59,955 p=93403 u=rob n=ansible | TASK [eve-ng-lab-test : Wait for vyos nodes] *********************************************************************************************************
2022-10-09 21:44:59,968 p=93403 u=rob n=ansible | skipping: [eveng]
2022-10-09 21:44:59,974 p=93403 u=rob n=ansible | skipping: [vyos-oobm]
2022-10-09 21:44:59,976 p=93403 u=rob n=ansible | skipping: [central]
2022-10-09 21:44:59,979 p=93403 u=rob n=ansible | skipping: [branch]
2022-10-09 21:44:59,982 p=93403 u=rob n=ansible | TASK [eve-ng-lab-test : clear tmp dir] ***************************************************************************************************************
2022-10-09 21:44:59,989 p=93403 u=rob n=ansible | skipping: [eveng]
2022-10-09 21:44:59,991 p=93403 u=rob n=ansible | TASK [eve-ng-lab-test : Login to EVE-NG and get Cookie] **********************************************************************************************
2022-10-09 21:45:00,003 p=93403 u=rob n=ansible | skipping: [eveng]
2022-10-09 21:45:00,009 p=93403 u=rob n=ansible | skipping: [vyos-oobm]
2022-10-09 21:45:00,011 p=93403 u=rob n=ansible | skipping: [central]
2022-10-09 21:45:00,014 p=93403 u=rob n=ansible | skipping: [branch]
2022-10-09 21:45:00,016 p=93403 u=rob n=ansible | TASK [eve-ng-lab-test : stop nodes id] ***************************************************************************************************************
2022-10-09 21:45:00,048 p=93403 u=rob n=ansible | TASK [eve-ng-lab-test : wait after stop] *************************************************************************************************************
2022-10-09 21:45:00,055 p=93403 u=rob n=ansible | skipping: [eveng]
2022-10-09 21:45:00,057 p=93403 u=rob n=ansible | TASK [eve-ng-lab-test : start nodes id] **************************************************************************************************************
2022-10-09 21:45:00,087 p=93403 u=rob n=ansible | TASK [eve-ng-lab-test : wait after start] ************************************************************************************************************
2022-10-09 21:45:00,096 p=93403 u=rob n=ansible | skipping: [eveng]
2022-10-09 21:45:00,098 p=93403 u=rob n=ansible | TASK [eve-ng-lab-test : wait, b/c the ping often failed without a short break] ***********************************************************************
2022-10-09 21:45:00,105 p=93403 u=rob n=ansible | skipping: [eveng]
2022-10-09 21:45:00,107 p=93403 u=rob n=ansible | TASK [eve-ng-lab-test : do ping test] ****************************************************************************************************************
2022-10-09 21:45:00,121 p=93403 u=rob n=ansible | skipping: [eveng]
2022-10-09 21:45:00,127 p=93403 u=rob n=ansible | skipping: [vyos-oobm]
2022-10-09 21:45:00,134 p=93403 u=rob n=ansible | skipping: [central] => (item=10.0.2.100) 
2022-10-09 21:45:00,138 p=93403 u=rob n=ansible | skipping: [branch] => (item=10.0.1.100) 
2022-10-09 21:45:00,140 p=93403 u=rob n=ansible | TASK [eve-ng-lab-test : execute test commands] *******************************************************************************************************
2022-10-09 21:45:00,154 p=93403 u=rob n=ansible | skipping: [eveng]
2022-10-09 21:45:00,160 p=93403 u=rob n=ansible | skipping: [vyos-oobm]
2022-10-09 21:45:00,168 p=93403 u=rob n=ansible | skipping: [central] => (item={'desc': 'Test if IP is set to interface', 'command': "ip -4 addr show dev eth2 | grep inet | tr -s ' ' | cut -d' ' -f3 | head -n 1", 'wait_for': ['result[0] contains "10.0.1.254/24"']}) 
2022-10-09 21:45:00,168 p=93403 u=rob n=ansible | skipping: [central] => (item={'desc': 'show interfaces wireguard', 'command': 'show interfaces wireguard', 'wait_for': ['result[0] contains "S - State, L - Link, u - Up, D - Down, A - Admin Down"', 'result[0] contains "Interface        IP Address                        S/L  Description"', 'result[0] contains "---------        ----------                        ---  -----------"', 'result[0] contains "wg01             192.168.0.1/24                    u/u  VPN-to-Branch"']}) 
2022-10-09 21:45:00,172 p=93403 u=rob n=ansible | skipping: [branch] => (item={'desc': 'show interfaces wireguard', 'command': 'show interfaces wireguard', 'wait_for': ['result[0] contains "S - State, L - Link, u - Up, D - Down, A - Admin Down"', 'result[0] contains "Interface        IP Address                        S/L  Description"', 'result[0] contains "---------        ----------                        ---  -----------"', 'result[0] contains "wg01             192.168.0.2/24                    u/u  VPN-to-central"']}) 
2022-10-09 21:45:00,175 p=93403 u=rob n=ansible | TASK [eve-ng-lab-test : register stdout commands] ****************************************************************************************************
2022-10-09 21:45:00,189 p=93403 u=rob n=ansible | skipping: [eveng]
2022-10-09 21:45:00,194 p=93403 u=rob n=ansible | skipping: [vyos-oobm]
2022-10-09 21:45:00,202 p=93403 u=rob n=ansible | skipping: [central] => (item={'name': 'show_interfaces_wireguard', 'command': 'show interfaces wireguard'}) 
2022-10-09 21:45:00,202 p=93403 u=rob n=ansible | skipping: [central] => (item={'name': 'ping_branch_pc', 'command': 'ping 10.0.2.100 count 4'}) 
2022-10-09 21:45:00,205 p=93403 u=rob n=ansible | skipping: [branch] => (item={'name': 'show_interfaces_wireguard', 'command': 'show interfaces wireguard'}) 
2022-10-09 21:45:00,208 p=93403 u=rob n=ansible | TASK [eve-ng-lab-test : Set variables] ***************************************************************************************************************
2022-10-09 21:45:00,220 p=93403 u=rob n=ansible | skipping: [eveng]
2022-10-09 21:45:00,226 p=93403 u=rob n=ansible | skipping: [vyos-oobm]
2022-10-09 21:45:00,228 p=93403 u=rob n=ansible | skipping: [central]
2022-10-09 21:45:00,231 p=93403 u=rob n=ansible | skipping: [branch]
2022-10-09 21:45:00,234 p=93403 u=rob n=ansible | TASK [eve-ng-lab-test : make sure output dir exist] **************************************************************************************************
2022-10-09 21:45:00,256 p=93403 u=rob n=ansible | skipping: [vyos-oobm]
2022-10-09 21:45:00,257 p=93403 u=rob n=ansible | skipping: [central]
2022-10-09 21:45:00,261 p=93403 u=rob n=ansible | skipping: [branch]
2022-10-09 21:45:00,417 p=93403 u=rob n=ansible | ok: [eveng -> localhost]
2022-10-09 21:45:00,420 p=93403 u=rob n=ansible | TASK [eve-ng-lab-test : make sure output include dir exist] ******************************************************************************************
2022-10-09 21:45:00,442 p=93403 u=rob n=ansible | skipping: [vyos-oobm]
2022-10-09 21:45:00,443 p=93403 u=rob n=ansible | skipping: [central]
2022-10-09 21:45:00,449 p=93403 u=rob n=ansible | skipping: [branch]
2022-10-09 21:45:00,552 p=93403 u=rob n=ansible | ok: [eveng -> localhost]
2022-10-09 21:45:00,554 p=93403 u=rob n=ansible | TASK [eve-ng-lab-test : Get timestamp from the system] ***********************************************************************************************
2022-10-09 21:45:00,573 p=93403 u=rob n=ansible | skipping: [vyos-oobm]
2022-10-09 21:45:00,574 p=93403 u=rob n=ansible | skipping: [central]
2022-10-09 21:45:00,579 p=93403 u=rob n=ansible | skipping: [branch]
2022-10-09 21:45:00,921 p=93403 u=rob n=ansible | changed: [eveng]
2022-10-09 21:45:00,926 p=93403 u=rob n=ansible | TASK [eve-ng-lab-test : Set variables] ***************************************************************************************************************
2022-10-09 21:45:00,951 p=93403 u=rob n=ansible | ok: [eveng]
2022-10-09 21:45:00,953 p=93403 u=rob n=ansible | skipping: [vyos-oobm]
2022-10-09 21:45:00,953 p=93403 u=rob n=ansible | skipping: [central]
2022-10-09 21:45:00,959 p=93403 u=rob n=ansible | skipping: [branch]
2022-10-09 21:45:00,963 p=93403 u=rob n=ansible | TASK [eve-ng-lab-test : generate lab rst file] *******************************************************************************************************
2022-10-09 21:45:00,988 p=93403 u=rob n=ansible | skipping: [vyos-oobm]
2022-10-09 21:45:00,988 p=93403 u=rob n=ansible | skipping: [central]
2022-10-09 21:45:00,994 p=93403 u=rob n=ansible | skipping: [branch]
2022-10-09 21:45:01,224 p=93403 u=rob n=ansible | changed: [eveng -> localhost]
2022-10-09 21:45:01,227 p=93403 u=rob n=ansible | TASK [eve-ng-lab-test : find all *.conf files in Lab] ************************************************************************************************
2022-10-09 21:45:01,250 p=93403 u=rob n=ansible | skipping: [vyos-oobm]
2022-10-09 21:45:01,251 p=93403 u=rob n=ansible | skipping: [central]
2022-10-09 21:45:01,255 p=93403 u=rob n=ansible | skipping: [branch]
2022-10-09 21:45:01,425 p=93403 u=rob n=ansible | ok: [eveng -> localhost]
2022-10-09 21:45:01,433 p=93403 u=rob n=ansible | TASK [eve-ng-lab-test : copy all *.conf files] *******************************************************************************************************
2022-10-09 21:45:01,459 p=93403 u=rob n=ansible | skipping: [vyos-oobm]
2022-10-09 21:45:01,460 p=93403 u=rob n=ansible | skipping: [central]
2022-10-09 21:45:01,466 p=93403 u=rob n=ansible | skipping: [branch]
2022-10-09 21:45:01,687 p=93403 u=rob n=ansible | changed: [eveng -> localhost] => (item={'path': 'labs/Wireguard/branch.conf', 'mode': '0644', 'isdir': False, 'ischr': False, 'isblk': False, 'isreg': True, 'isfifo': False, 'islnk': False, 'issock': False, 'uid': 501, 'gid': 20, 'size': 736, 'inode': 59942690, 'dev': 16777231, 'nlink': 1, 'atime': 1665343434.752831, 'mtime': 1665343433.5145292, 'ctime': 1665343433.5145292, 'gr_name': 'staff', 'pw_name': 'rob', 'wusr': True, 'rusr': True, 'xusr': False, 'wgrp': False, 'rgrp': True, 'xgrp': False, 'woth': False, 'roth': True, 'xoth': False, 'isuid': False, 'isgid': False})
2022-10-09 21:45:01,914 p=93403 u=rob n=ansible | changed: [eveng -> localhost] => (item={'path': 'labs/Wireguard/central.conf', 'mode': '0644', 'isdir': False, 'ischr': False, 'isblk': False, 'isreg': True, 'isfifo': False, 'islnk': False, 'issock': False, 'uid': 501, 'gid': 20, 'size': 730, 'inode': 59942691, 'dev': 16777231, 'nlink': 1, 'atime': 1665343434.7540452, 'mtime': 1665343433.514781, 'ctime': 1665343433.514781, 'gr_name': 'staff', 'pw_name': 'rob', 'wusr': True, 'rusr': True, 'xusr': False, 'wgrp': False, 'rgrp': True, 'xgrp': False, 'woth': False, 'roth': True, 'xoth': False, 'isuid': False, 'isgid': False})
2022-10-09 21:45:01,917 p=93403 u=rob n=ansible | TASK [eve-ng-lab-test : find all *.png files in Lab] *************************************************************************************************
2022-10-09 21:45:01,939 p=93403 u=rob n=ansible | skipping: [vyos-oobm]
2022-10-09 21:45:01,940 p=93403 u=rob n=ansible | skipping: [central]
2022-10-09 21:45:01,945 p=93403 u=rob n=ansible | skipping: [branch]
2022-10-09 21:45:02,048 p=93403 u=rob n=ansible | ok: [eveng -> localhost]
2022-10-09 21:45:02,053 p=93403 u=rob n=ansible | TASK [eve-ng-lab-test : copy all *.png files] ********************************************************************************************************
2022-10-09 21:45:02,079 p=93403 u=rob n=ansible | skipping: [vyos-oobm]
2022-10-09 21:45:02,080 p=93403 u=rob n=ansible | skipping: [central]
2022-10-09 21:45:02,086 p=93403 u=rob n=ansible | skipping: [branch]
2022-10-09 21:45:02,356 p=93403 u=rob n=ansible | ok: [eveng -> localhost] => (item={'path': 'labs/Wireguard/topology.png', 'mode': '0644', 'isdir': False, 'ischr': False, 'isblk': False, 'isreg': True, 'isfifo': False, 'islnk': False, 'issock': False, 'uid': 501, 'gid': 20, 'size': 158227, 'inode': 43214258, 'dev': 16777231, 'nlink': 1, 'atime': 1648155124.1537304, 'mtime': 1648155110.802489, 'ctime': 1648155110.802489, 'gr_name': 'staff', 'pw_name': 'rob', 'wusr': True, 'rusr': True, 'xusr': False, 'wgrp': False, 'rgrp': True, 'xgrp': False, 'woth': False, 'roth': True, 'xoth': False, 'isuid': False, 'isgid': False})
2022-10-09 21:45:02,361 p=93403 u=rob n=ansible | TASK [eve-ng-lab-test : copy ansible log files] ******************************************************************************************************
2022-10-09 21:45:02,382 p=93403 u=rob n=ansible | skipping: [vyos-oobm]
2022-10-09 21:45:02,383 p=93403 u=rob n=ansible | skipping: [central]
2022-10-09 21:45:02,389 p=93403 u=rob n=ansible | skipping: [branch]
